[ 2017-08-15T10:58:29+08:00 ] 219.229.128.74 /www/23qi/index.php/App/get_topic?t=0.7595376940444112&package_name_data=undefined
INFO: [ route_check ] --START--
INFO: CheckRoute Behavior ::run [ RunTime:0.008500s ]
INFO: [ route_check ] --END-- [ RunTime:0.009608s ]
INFO: [ app_begin ] --START--
INFO: ReadHtmlCache Behavior ::run [ RunTime:0.005093s ]
INFO: [ app_begin ] --END-- [ RunTime:0.005294s ]
SQL: SHOW COLUMNS FROM `topic` [ RunTime:0.076417s ]
SQL: SELECT * FROM `topic` ORDER BY id desc  [ RunTime:0.011975s ]
SQL: SHOW COLUMNS FROM `user` [ RunTime:0.031993s ]
SQL: SELECT * FROM `user` WHERE ( `phone`='12345678908' ) LIMIT 1   [ RunTime:0.011627s ]
SQL: SELECT * FROM `user` WHERE ( `phone`='12345678908' ) LIMIT 1   [ RunTime:0.001099s ]
SQL: SELECT * FROM `user` WHERE ( `phone`='12345678908' ) LIMIT 1   [ RunTime:0.000963s ]
SQL: SELECT * FROM `user` WHERE ( `phone`='12345678908' ) LIMIT 1   [ RunTime:0.000906s ]
SQL: SELECT * FROM `user` WHERE ( `phone`='12345678908' ) LIMIT 1   [ RunTime:0.000889s ]
SQL: SELECT * FROM `user` WHERE ( `phone`='null' ) LIMIT 1   [ RunTime:0.000889s ]

[ 2017-08-15T10:58:42+08:00 ] 219.229.128.74 /www/23qi/index.php/App/get_topic?t=0.6961939346510917&package_name_data=undefined
INFO: [ route_check ] --START--
INFO: CheckRoute Behavior ::run [ RunTime:0.002249s ]
INFO: [ route_check ] --END-- [ RunTime:0.002507s ]
INFO: [ app_begin ] --START--
INFO: ReadHtmlCache Behavior ::run [ RunTime:0.001243s ]
INFO: [ app_begin ] --END-- [ RunTime:0.001385s ]
SQL: SHOW COLUMNS FROM `topic` [ RunTime:0.025067s ]
SQL: SELECT * FROM `topic` ORDER BY id desc  [ RunTime:0.008850s ]
SQL: SHOW COLUMNS FROM `user` [ RunTime:0.044834s ]
SQL: SELECT * FROM `user` WHERE ( `phone`='12345678908' ) LIMIT 1   [ RunTime:0.010820s ]
SQL: SELECT * FROM `user` WHERE ( `phone`='12345678908' ) LIMIT 1   [ RunTime:0.002893s ]
SQL: SELECT * FROM `user` WHERE ( `phone`='12345678908' ) LIMIT 1   [ RunTime:0.002977s ]
SQL: SELECT * FROM `user` WHERE ( `phone`='12345678908' ) LIMIT 1   [ RunTime:0.002985s ]
SQL: SELECT * FROM `user` WHERE ( `phone`='12345678908' ) LIMIT 1   [ RunTime:0.002987s ]
SQL: SELECT * FROM `user` WHERE ( `phone`='null' ) LIMIT 1   [ RunTime:0.002942s ]

[ 2017-08-15T11:00:04+08:00 ] 219.229.128.74 /www/23qi/index.php/App/get_topic?t=0.07976138172671199&package_name_data=undefined
INFO: [ route_check ] --START--
INFO: CheckRoute Behavior ::run [ RunTime:0.002813s ]
INFO: [ route_check ] --END-- [ RunTime:0.003104s ]
INFO: [ app_begin ] --START--
INFO: ReadHtmlCache Behavior ::run [ RunTime:0.001505s ]
INFO: [ app_begin ] --END-- [ RunTime:0.001683s ]
SQL: SHOW COLUMNS FROM `topic` [ RunTime:0.031838s ]
SQL: SELECT * FROM `topic` ORDER BY id desc  [ RunTime:0.011180s ]
SQL: SHOW COLUMNS FROM `user` [ RunTime:0.023215s ]
SQL: SELECT * FROM `user` WHERE ( `phone`='12345678908' ) LIMIT 1   [ RunTime:0.010961s ]
SQL: SELECT * FROM `user` WHERE ( `phone`='12345678908' ) LIMIT 1   [ RunTime:0.002373s ]
SQL: SELECT * FROM `user` WHERE ( `phone`='12345678908' ) LIMIT 1   [ RunTime:0.002334s ]
SQL: SELECT * FROM `user` WHERE ( `phone`='12345678908' ) LIMIT 1   [ RunTime:0.001835s ]
SQL: SELECT * FROM `user` WHERE ( `phone`='12345678908' ) LIMIT 1   [ RunTime:0.002182s ]
SQL: SELECT * FROM `user` WHERE ( `phone`='null' ) LIMIT 1   [ RunTime:0.002046s ]

[ 2017-08-15T14:37:20+08:00 ] 219.229.128.74 /www/23qi/index.php/App/get_topic?t=0.19328109687194228&package_name_data=undefined
INFO: [ route_check ] --START--
INFO: CheckRoute Behavior ::run [ RunTime:0.005156s ]
INFO: [ route_check ] --END-- [ RunTime:0.005768s ]
INFO: [ app_begin ] --START--
INFO: ReadHtmlCache Behavior ::run [ RunTime:0.004399s ]
INFO: [ app_begin ] --END-- [ RunTime:0.004627s ]
SQL: SHOW COLUMNS FROM `topic` [ RunTime:0.042559s ]
SQL: SELECT * FROM `topic` ORDER BY id desc  [ RunTime:0.011619s ]
SQL: SHOW COLUMNS FROM `user` [ RunTime:0.036426s ]
SQL: SELECT * FROM `user` WHERE ( `phone`='12345678908' ) LIMIT 1   [ RunTime:0.012714s ]
SQL: SELECT * FROM `user` WHERE ( `phone`='12345678908' ) LIMIT 1   [ RunTime:0.003278s ]
SQL: SELECT * FROM `user` WHERE ( `phone`='12345678908' ) LIMIT 1   [ RunTime:0.003306s ]
SQL: SELECT * FROM `user` WHERE ( `phone`='12345678908' ) LIMIT 1   [ RunTime:0.003162s ]
SQL: SELECT * FROM `user` WHERE ( `phone`='12345678908' ) LIMIT 1   [ RunTime:0.003061s ]
SQL: SELECT * FROM `user` WHERE ( `phone`='null' ) LIMIT 1   [ RunTime:0.003620s ]

[ 2017-08-15T14:56:36+08:00 ] 219.229.128.74 /www/23qi/index.php/App/get_topic?t=0.11264862981624901&package_name_data=undefined
INFO: [ route_check ] --START--
INFO: CheckRoute Behavior ::run [ RunTime:0.004326s ]
INFO: [ route_check ] --END-- [ RunTime:0.004838s ]
INFO: [ app_begin ] --START--
INFO: ReadHtmlCache Behavior ::run [ RunTime:0.003950s ]
INFO: [ app_begin ] --END-- [ RunTime:0.004175s ]
SQL: SHOW COLUMNS FROM `topic` [ RunTime:0.059754s ]
SQL: SELECT * FROM `topic` ORDER BY id desc  [ RunTime:0.012554s ]
SQL: SHOW COLUMNS FROM `user` [ RunTime:0.030037s ]
SQL: SELECT * FROM `user` WHERE ( `phone`='12345678908' ) LIMIT 1   [ RunTime:0.009685s ]
SQL: SELECT * FROM `user` WHERE ( `phone`='12345678908' ) LIMIT 1   [ RunTime:0.001797s ]
SQL: SELECT * FROM `user` WHERE ( `phone`='12345678908' ) LIMIT 1   [ RunTime:0.001749s ]
SQL: SELECT * FROM `user` WHERE ( `phone`='12345678908' ) LIMIT 1   [ RunTime:0.001650s ]
SQL: SELECT * FROM `user` WHERE ( `phone`='12345678908' ) LIMIT 1   [ RunTime:0.001719s ]
SQL: SELECT * FROM `user` WHERE ( `phone`='null' ) LIMIT 1   [ RunTime:0.001596s ]

