[ 2017-03-30T15:24:06+08:00 ] 127.0.0.1 /www/23qi/
INFO: [ app_begin ] --START--
INFO: ReadHtmlCache Behavior ::run [ RunTime:0.002970s ]
INFO: [ app_begin ] --END-- [ RunTime:0.003193s ]
INFO: [ view_parse ] --START--
INFO: ParseTemplate Behavior ::run [ RunTime:0.052110s ]
INFO: [ view_parse ] --END-- [ RunTime:0.052314s ]
INFO: [ view_filter ] --START--
NOTIC: [8] Use of undefined constant APP_TMPL_PATH - assumed 'APP_TMPL_PATH' C:\AppServ\www\www\23qi\ThinkPHP\Lib\Behavior\ContentReplaceBehavior.class.php 第 40 行.
NOTIC: [8] Use of undefined constant APP_TMPL_PATH - assumed 'APP_TMPL_PATH' C:\AppServ\www\www\23qi\ThinkPHP\Lib\Behavior\ContentReplaceBehavior.class.php 第 47 行.
INFO: ContentReplace Behavior ::run [ RunTime:0.002770s ]
INFO: TokenBuild Behavior ::run [ RunTime:0.002697s ]
INFO: WriteHtmlCache Behavior ::run [ RunTime:0.003438s ]
INFO: ShowRuntime Behavior ::run [ RunTime:0.003571s ]
INFO: [ view_filter ] --END-- [ RunTime:0.012892s ]
INFO: [ view_end ] --START--
INFO: ShowPageTrace Behavior ::run [ RunTime:0.003654s ]
INFO: [ view_end ] --END-- [ RunTime:0.003814s ]

[ 2017-03-30T15:26:20+08:00 ] 127.0.0.1 /www/23qi/
INFO: [ app_begin ] --START--
INFO: ReadHtmlCache Behavior ::run [ RunTime:0.003635s ]
INFO: [ app_begin ] --END-- [ RunTime:0.003875s ]

[ 2017-03-30T15:26:23+08:00 ] 127.0.0.1 /www/23qi/
INFO: [ app_begin ] --START--
INFO: ReadHtmlCache Behavior ::run [ RunTime:0.001207s ]
INFO: [ app_begin ] --END-- [ RunTime:0.001401s ]

[ 2017-03-30T15:26:26+08:00 ] 127.0.0.1 /www/23qi/
INFO: [ app_begin ] --START--
INFO: ReadHtmlCache Behavior ::run [ RunTime:0.001345s ]
INFO: [ app_begin ] --END-- [ RunTime:0.001517s ]

[ 2017-03-30T15:28:22+08:00 ] 127.0.0.1 /www/23qi/index.php/index/say
INFO: [ route_check ] --START--
INFO: CheckRoute Behavior ::run [ RunTime:0.003641s ]
INFO: [ route_check ] --END-- [ RunTime:0.003844s ]
INFO: [ app_begin ] --START--
INFO: ReadHtmlCache Behavior ::run [ RunTime:0.003462s ]
INFO: [ app_begin ] --END-- [ RunTime:0.003692s ]
ERR: 无法加载模块:index

[ 2017-03-30T15:31:54+08:00 ] 127.0.0.1 /www/23qi/index.php/User/Add
INFO: [ route_check ] --START--
INFO: CheckRoute Behavior ::run [ RunTime:0.003516s ]
INFO: [ route_check ] --END-- [ RunTime:0.003749s ]
INFO: [ app_begin ] --START--
INFO: ReadHtmlCache Behavior ::run [ RunTime:0.004214s ]
INFO: [ app_begin ] --END-- [ RunTime:0.004436s ]
ERR: 无法加载模块:User

[ 2017-03-30T15:32:07+08:00 ] 127.0.0.1 /www/23qi/index.php/User/add
INFO: [ route_check ] --START--
INFO: CheckRoute Behavior ::run [ RunTime:0.001801s ]
INFO: [ route_check ] --END-- [ RunTime:0.001994s ]
INFO: [ app_begin ] --START--
INFO: ReadHtmlCache Behavior ::run [ RunTime:0.001453s ]
INFO: [ app_begin ] --END-- [ RunTime:0.001640s ]
ERR: 无法加载模块:User

[ 2017-03-30T15:32:43+08:00 ] 127.0.0.1 /www/23qi/index.php/User/add
INFO: [ route_check ] --START--
INFO: CheckRoute Behavior ::run [ RunTime:0.001733s ]
INFO: [ route_check ] --END-- [ RunTime:0.001920s ]
INFO: [ app_begin ] --START--
INFO: ReadHtmlCache Behavior ::run [ RunTime:0.001164s ]
INFO: [ app_begin ] --END-- [ RunTime:0.001303s ]
ERR: 无法加载模块:User

[ 2017-03-30T15:36:17+08:00 ] 127.0.0.1 /www/23qi/index.php/User/Add
INFO: [ route_check ] --START--
INFO: CheckRoute Behavior ::run [ RunTime:0.005705s ]
INFO: [ route_check ] --END-- [ RunTime:0.006104s ]
INFO: [ app_begin ] --START--
INFO: ReadHtmlCache Behavior ::run [ RunTime:0.003545s ]
INFO: [ app_begin ] --END-- [ RunTime:0.003763s ]

[ 2017-03-30T15:36:23+08:00 ] 127.0.0.1 /www/23qi/index.php/User/add
INFO: [ route_check ] --START--
INFO: CheckRoute Behavior ::run [ RunTime:0.001714s ]
INFO: [ route_check ] --END-- [ RunTime:0.001906s ]
INFO: [ app_begin ] --START--
INFO: ReadHtmlCache Behavior ::run [ RunTime:0.001319s ]
INFO: [ app_begin ] --END-- [ RunTime:0.001472s ]

[ 2017-03-30T16:22:21+08:00 ] 127.0.0.1 /www/23qi/index.php/User/add
INFO: [ route_check ] --START--
INFO: CheckRoute Behavior ::run [ RunTime:0.005980s ]
INFO: [ route_check ] --END-- [ RunTime:0.006288s ]
INFO: [ app_begin ] --START--
INFO: ReadHtmlCache Behavior ::run [ RunTime:0.006974s ]
INFO: [ app_begin ] --END-- [ RunTime:0.007180s ]
SQL: SHOW COLUMNS FROM `user` [ RunTime:0.024349s ]
SQL: INSERT INTO `user` (`phone`,`name`,`password`,`sex`) VALUES ('13029032390','aries','123',1) [ RunTime:0.008180s ]

[ 2017-03-30T16:23:31+08:00 ] 127.0.0.1 /www/23qi/index.php/User/add
INFO: [ route_check ] --START--
INFO: CheckRoute Behavior ::run [ RunTime:0.005127s ]
INFO: [ route_check ] --END-- [ RunTime:0.005314s ]
INFO: [ app_begin ] --START--
INFO: ReadHtmlCache Behavior ::run [ RunTime:0.005774s ]
INFO: [ app_begin ] --END-- [ RunTime:0.006172s ]
SQL: SHOW COLUMNS FROM `user` [ RunTime:0.026161s ]
SQL: INSERT INTO `user` (`phone`,`name`,`password`,`sex`) VALUES ('13029032390','aries','123',1) [ RunTime:0.006229s ]
ERR: 1062:Duplicate entry '0' for key 1
 [ SQL语句 ] : INSERT INTO `user` (`phone`,`name`,`password`,`sex`) VALUES ('13029032390','aries','123',1)

[ 2017-03-30T16:23:32+08:00 ] 127.0.0.1 /www/23qi/index.php/User/add
INFO: [ route_check ] --START--
INFO: CheckRoute Behavior ::run [ RunTime:0.005964s ]
INFO: [ route_check ] --END-- [ RunTime:0.006189s ]
INFO: [ app_begin ] --START--
INFO: ReadHtmlCache Behavior ::run [ RunTime:0.004625s ]
INFO: [ app_begin ] --END-- [ RunTime:0.004829s ]
SQL: SHOW COLUMNS FROM `user` [ RunTime:0.026435s ]
SQL: INSERT INTO `user` (`phone`,`name`,`password`,`sex`) VALUES ('13029032390','aries','123',1) [ RunTime:0.005083s ]
ERR: 1062:Duplicate entry '0' for key 1
 [ SQL语句 ] : INSERT INTO `user` (`phone`,`name`,`password`,`sex`) VALUES ('13029032390','aries','123',1)

[ 2017-03-30T16:23:35+08:00 ] 127.0.0.1 /www/23qi/index.php/User/add
INFO: [ route_check ] --START--
INFO: CheckRoute Behavior ::run [ RunTime:0.004879s ]
INFO: [ route_check ] --END-- [ RunTime:0.005091s ]
INFO: [ app_begin ] --START--
INFO: ReadHtmlCache Behavior ::run [ RunTime:0.004280s ]
INFO: [ app_begin ] --END-- [ RunTime:0.004451s ]
SQL: SHOW COLUMNS FROM `user` [ RunTime:0.026145s ]
SQL: INSERT INTO `user` (`phone`,`name`,`password`,`sex`) VALUES ('13029032390','aries','123',1) [ RunTime:0.006135s ]
ERR: 1062:Duplicate entry '0' for key 1
 [ SQL语句 ] : INSERT INTO `user` (`phone`,`name`,`password`,`sex`) VALUES ('13029032390','aries','123',1)

[ 2017-03-30T16:23:59+08:00 ] 127.0.0.1 /www/23qi/index.php/User/add
INFO: [ route_check ] --START--
INFO: CheckRoute Behavior ::run [ RunTime:0.005582s ]
INFO: [ route_check ] --END-- [ RunTime:0.005808s ]
INFO: [ app_begin ] --START--
INFO: ReadHtmlCache Behavior ::run [ RunTime:0.004355s ]
INFO: [ app_begin ] --END-- [ RunTime:0.004522s ]
SQL: SHOW COLUMNS FROM `user` [ RunTime:0.025652s ]
SQL: INSERT INTO `user` (`phone`,`name`,`password`,`sex`) VALUES ('13029032390','aries','123',1) [ RunTime:0.005507s ]
ERR: 1062:Duplicate entry '0' for key 1
 [ SQL语句 ] : INSERT INTO `user` (`phone`,`name`,`password`,`sex`) VALUES ('13029032390','aries','123',1)

[ 2017-03-30T16:24:13+08:00 ] 127.0.0.1 /www/23qi/index.php/User/Add
INFO: [ route_check ] --START--
INFO: CheckRoute Behavior ::run [ RunTime:0.008603s ]
INFO: [ route_check ] --END-- [ RunTime:0.008855s ]
INFO: [ app_begin ] --START--
INFO: ReadHtmlCache Behavior ::run [ RunTime:0.005592s ]
INFO: [ app_begin ] --END-- [ RunTime:0.005803s ]
SQL: SHOW COLUMNS FROM `user` [ RunTime:0.029918s ]
SQL: INSERT INTO `user` (`phone`,`name`,`password`,`sex`) VALUES ('13029032390','aries','123',1) [ RunTime:0.005841s ]
ERR: 1062:Duplicate entry '0' for key 1
 [ SQL语句 ] : INSERT INTO `user` (`phone`,`name`,`password`,`sex`) VALUES ('13029032390','aries','123',1)

[ 2017-03-30T16:24:19+08:00 ] 127.0.0.1 /www/23qi/index.php/User/Add
INFO: [ route_check ] --START--
INFO: CheckRoute Behavior ::run [ RunTime:0.004977s ]
INFO: [ route_check ] --END-- [ RunTime:0.005163s ]
INFO: [ app_begin ] --START--
INFO: ReadHtmlCache Behavior ::run [ RunTime:0.004238s ]
INFO: [ app_begin ] --END-- [ RunTime:0.004388s ]
SQL: SHOW COLUMNS FROM `user` [ RunTime:0.025398s ]
SQL: INSERT INTO `user` (`phone`,`name`,`password`,`sex`) VALUES ('13029032390','aries','123',1) [ RunTime:0.006158s ]
ERR: 1062:Duplicate entry '0' for key 1
 [ SQL语句 ] : INSERT INTO `user` (`phone`,`name`,`password`,`sex`) VALUES ('13029032390','aries','123',1)

[ 2017-03-30T16:24:19+08:00 ] 127.0.0.1 /www/23qi/index.php/User/Add
INFO: [ route_check ] --START--
INFO: CheckRoute Behavior ::run [ RunTime:0.004782s ]
INFO: [ route_check ] --END-- [ RunTime:0.004957s ]
INFO: [ app_begin ] --START--
INFO: ReadHtmlCache Behavior ::run [ RunTime:0.004405s ]
INFO: [ app_begin ] --END-- [ RunTime:0.004566s ]
SQL: SHOW COLUMNS FROM `user` [ RunTime:0.027023s ]
SQL: INSERT INTO `user` (`phone`,`name`,`password`,`sex`) VALUES ('13029032390','aries','123',1) [ RunTime:0.005917s ]
ERR: 1062:Duplicate entry '0' for key 1
 [ SQL语句 ] : INSERT INTO `user` (`phone`,`name`,`password`,`sex`) VALUES ('13029032390','aries','123',1)

[ 2017-03-30T16:24:20+08:00 ] 127.0.0.1 /www/23qi/index.php/User/Add
INFO: [ route_check ] --START--
INFO: CheckRoute Behavior ::run [ RunTime:0.004820s ]
INFO: [ route_check ] --END-- [ RunTime:0.004994s ]
INFO: [ app_begin ] --START--
INFO: ReadHtmlCache Behavior ::run [ RunTime:0.004766s ]
INFO: [ app_begin ] --END-- [ RunTime:0.004936s ]
SQL: SHOW COLUMNS FROM `user` [ RunTime:0.018422s ]
SQL: INSERT INTO `user` (`phone`,`name`,`password`,`sex`) VALUES ('13029032390','aries','123',1) [ RunTime:0.005327s ]
ERR: 1062:Duplicate entry '0' for key 1
 [ SQL语句 ] : INSERT INTO `user` (`phone`,`name`,`password`,`sex`) VALUES ('13029032390','aries','123',1)

[ 2017-03-30T16:24:22+08:00 ] 127.0.0.1 /www/23qi/index.php/User/Add
INFO: [ route_check ] --START--
INFO: CheckRoute Behavior ::run [ RunTime:0.005112s ]
INFO: [ route_check ] --END-- [ RunTime:0.005296s ]
INFO: [ app_begin ] --START--
INFO: ReadHtmlCache Behavior ::run [ RunTime:0.004254s ]
INFO: [ app_begin ] --END-- [ RunTime:0.004418s ]
SQL: SHOW COLUMNS FROM `user` [ RunTime:0.025894s ]
SQL: INSERT INTO `user` (`phone`,`name`,`password`,`sex`) VALUES ('13029032390','aries','123',1) [ RunTime:0.006179s ]
ERR: 1062:Duplicate entry '0' for key 1
 [ SQL语句 ] : INSERT INTO `user` (`phone`,`name`,`password`,`sex`) VALUES ('13029032390','aries','123',1)

[ 2017-03-30T16:24:23+08:00 ] 127.0.0.1 /www/23qi/index.php/User/Add
INFO: [ route_check ] --START--
INFO: CheckRoute Behavior ::run [ RunTime:0.004840s ]
INFO: [ route_check ] --END-- [ RunTime:0.005016s ]
INFO: [ app_begin ] --START--
INFO: ReadHtmlCache Behavior ::run [ RunTime:0.004988s ]
INFO: [ app_begin ] --END-- [ RunTime:0.005215s ]
SQL: SHOW COLUMNS FROM `user` [ RunTime:0.026030s ]
SQL: INSERT INTO `user` (`phone`,`name`,`password`,`sex`) VALUES ('13029032390','aries','123',1) [ RunTime:0.005551s ]
ERR: 1062:Duplicate entry '0' for key 1
 [ SQL语句 ] : INSERT INTO `user` (`phone`,`name`,`password`,`sex`) VALUES ('13029032390','aries','123',1)

[ 2017-03-30T16:24:40+08:00 ] 127.0.0.1 /www/23qi/
INFO: [ app_begin ] --START--
INFO: ReadHtmlCache Behavior ::run [ RunTime:0.004411s ]
INFO: [ app_begin ] --END-- [ RunTime:0.004629s ]

[ 2017-03-30T16:26:08+08:00 ] 127.0.0.1 /www/23qi/
INFO: [ app_begin ] --START--
INFO: ReadHtmlCache Behavior ::run [ RunTime:0.004429s ]
INFO: [ app_begin ] --END-- [ RunTime:0.004621s ]

[ 2017-03-30T16:26:36+08:00 ] 127.0.0.1 /www/23qi/index.php/User/add
INFO: [ route_check ] --START--
INFO: CheckRoute Behavior ::run [ RunTime:0.004810s ]
INFO: [ route_check ] --END-- [ RunTime:0.004995s ]
INFO: [ app_begin ] --START--
INFO: ReadHtmlCache Behavior ::run [ RunTime:0.004387s ]
INFO: [ app_begin ] --END-- [ RunTime:0.004567s ]
SQL: SHOW COLUMNS FROM `user` [ RunTime:0.025302s ]
SQL: INSERT INTO `user` (`phone`,`name`,`password`,`sex`) VALUES ('13029032390','aries','123',1) [ RunTime:0.005193s ]
ERR: 1062:Duplicate entry '0' for key 1
 [ SQL语句 ] : INSERT INTO `user` (`phone`,`name`,`password`,`sex`) VALUES ('13029032390','aries','123',1)

[ 2017-03-30T16:26:44+08:00 ] 127.0.0.1 /www/23qi/index.php/User/add
INFO: [ route_check ] --START--
INFO: CheckRoute Behavior ::run [ RunTime:0.003679s ]
INFO: [ route_check ] --END-- [ RunTime:0.003895s ]
INFO: [ app_begin ] --START--
INFO: ReadHtmlCache Behavior ::run [ RunTime:0.002770s ]
INFO: [ app_begin ] --END-- [ RunTime:0.002943s ]
SQL: SHOW COLUMNS FROM `user` [ RunTime:0.026080s ]
SQL: INSERT INTO `user` (`phone`,`name`,`password`,`sex`) VALUES ('13029032390','aries','123',1) [ RunTime:0.005704s ]
ERR: 1062:Duplicate entry '0' for key 1
 [ SQL语句 ] : INSERT INTO `user` (`phone`,`name`,`password`,`sex`) VALUES ('13029032390','aries','123',1)

[ 2017-03-30T16:28:25+08:00 ] 127.0.0.1 /www/23qi/index.php/User/add
INFO: [ route_check ] --START--
INFO: CheckRoute Behavior ::run [ RunTime:0.001644s ]
INFO: [ route_check ] --END-- [ RunTime:0.001818s ]
INFO: [ app_begin ] --START--
INFO: ReadHtmlCache Behavior ::run [ RunTime:0.001098s ]
INFO: [ app_begin ] --END-- [ RunTime:0.001248s ]
SQL: SHOW COLUMNS FROM `user` [ RunTime:0.027353s ]
SQL: INSERT INTO `user` (`phone`,`name`,`password`,`sex`) VALUES ('13029032390','aries','123',1) [ RunTime:0.005288s ]
ERR: 1062:Duplicate entry '0' for key 1
 [ SQL语句 ] : INSERT INTO `user` (`phone`,`name`,`password`,`sex`) VALUES ('13029032390','aries','123',1)

[ 2017-03-30T16:28:26+08:00 ] 127.0.0.1 /www/23qi/index.php/User/add
INFO: [ route_check ] --START--
INFO: CheckRoute Behavior ::run [ RunTime:0.001646s ]
INFO: [ route_check ] --END-- [ RunTime:0.001814s ]
INFO: [ app_begin ] --START--
INFO: ReadHtmlCache Behavior ::run [ RunTime:0.001121s ]
INFO: [ app_begin ] --END-- [ RunTime:0.001256s ]
SQL: SHOW COLUMNS FROM `user` [ RunTime:0.025810s ]
SQL: INSERT INTO `user` (`phone`,`name`,`password`,`sex`) VALUES ('13029032390','aries','123',1) [ RunTime:0.004950s ]
ERR: 1062:Duplicate entry '0' for key 1
 [ SQL语句 ] : INSERT INTO `user` (`phone`,`name`,`password`,`sex`) VALUES ('13029032390','aries','123',1)

[ 2017-03-30T16:29:26+08:00 ] 127.0.0.1 /www/23qi/index.php/User/add
INFO: [ route_check ] --START--
INFO: CheckRoute Behavior ::run [ RunTime:0.003680s ]
INFO: [ route_check ] --END-- [ RunTime:0.003887s ]
INFO: [ app_begin ] --START--
INFO: ReadHtmlCache Behavior ::run [ RunTime:0.002731s ]
INFO: [ app_begin ] --END-- [ RunTime:0.002892s ]

[ 2017-03-30T16:32:15+08:00 ] 127.0.0.1 /www/23qi/index.php/User/add
INFO: [ route_check ] --START--
INFO: CheckRoute Behavior ::run [ RunTime:0.004835s ]
INFO: [ route_check ] --END-- [ RunTime:0.005012s ]
INFO: [ app_begin ] --START--
INFO: ReadHtmlCache Behavior ::run [ RunTime:0.004845s ]
INFO: [ app_begin ] --END-- [ RunTime:0.005043s ]
SQL: SHOW COLUMNS FROM `user` [ RunTime:0.027147s ]
SQL: INSERT INTO `user` (`phone`,`name`,`password`,`sex`) VALUES ('13029032390','aries','123',1) [ RunTime:0.005702s ]
ERR: 1062:Duplicate entry '0' for key 1
 [ SQL语句 ] : INSERT INTO `user` (`phone`,`name`,`password`,`sex`) VALUES ('13029032390','aries','123',1)

[ 2017-03-30T16:32:17+08:00 ] 127.0.0.1 /www/23qi/index.php/User/add
INFO: [ route_check ] --START--
INFO: CheckRoute Behavior ::run [ RunTime:0.004887s ]
INFO: [ route_check ] --END-- [ RunTime:0.005104s ]
INFO: [ app_begin ] --START--
INFO: ReadHtmlCache Behavior ::run [ RunTime:0.004684s ]
INFO: [ app_begin ] --END-- [ RunTime:0.004841s ]
SQL: SHOW COLUMNS FROM `user` [ RunTime:0.027420s ]
SQL: INSERT INTO `user` (`phone`,`name`,`password`,`sex`) VALUES ('13029032390','aries','123',1) [ RunTime:0.006225s ]
ERR: 1062:Duplicate entry '0' for key 1
 [ SQL语句 ] : INSERT INTO `user` (`phone`,`name`,`password`,`sex`) VALUES ('13029032390','aries','123',1)

[ 2017-03-30T16:34:21+08:00 ] 127.0.0.1 /www/23qi/index.php/User/add
INFO: [ route_check ] --START--
INFO: CheckRoute Behavior ::run [ RunTime:0.003275s ]
INFO: [ route_check ] --END-- [ RunTime:0.003460s ]
INFO: [ app_begin ] --START--
INFO: ReadHtmlCache Behavior ::run [ RunTime:0.003589s ]
INFO: [ app_begin ] --END-- [ RunTime:0.003791s ]
SQL: SHOW COLUMNS FROM `user` [ RunTime:0.027319s ]
SQL: INSERT INTO `user` (`phone`,`name`,`password`,`sex`) VALUES ('13029032390','aries','123',1) [ RunTime:0.007583s ]
ERR: 1062:Duplicate entry '0' for key 1
 [ SQL语句 ] : INSERT INTO `user` (`phone`,`name`,`password`,`sex`) VALUES ('13029032390','aries','123',1)

[ 2017-03-30T16:34:23+08:00 ] 127.0.0.1 /www/23qi/index.php/User/add
INFO: [ route_check ] --START--
INFO: CheckRoute Behavior ::run [ RunTime:0.001766s ]
INFO: [ route_check ] --END-- [ RunTime:0.001962s ]
INFO: [ app_begin ] --START--
INFO: ReadHtmlCache Behavior ::run [ RunTime:0.001150s ]
INFO: [ app_begin ] --END-- [ RunTime:0.001289s ]
SQL: SHOW COLUMNS FROM `user` [ RunTime:0.019318s ]
SQL: INSERT INTO `user` (`phone`,`name`,`password`,`sex`) VALUES ('13029032390','aries','123',1) [ RunTime:0.006906s ]
ERR: 1062:Duplicate entry '0' for key 1
 [ SQL语句 ] : INSERT INTO `user` (`phone`,`name`,`password`,`sex`) VALUES ('13029032390','aries','123',1)

[ 2017-03-30T16:40:31+08:00 ] 127.0.0.1 /www/23qi/index.php/User/add
INFO: [ route_check ] --START--
INFO: CheckRoute Behavior ::run [ RunTime:0.003624s ]
INFO: [ route_check ] --END-- [ RunTime:0.003817s ]
INFO: [ app_begin ] --START--
INFO: ReadHtmlCache Behavior ::run [ RunTime:0.003952s ]
INFO: [ app_begin ] --END-- [ RunTime:0.004240s ]
SQL: SHOW COLUMNS FROM `user` [ RunTime:0.021237s ]
SQL: INSERT INTO `user` (`phone`,`name`,`password`,`sex`) VALUES ('13029032390','aries','123',1) [ RunTime:0.005517s ]
ERR: 1062:Duplicate entry '0' for key 1
 [ SQL语句 ] : INSERT INTO `user` (`phone`,`name`,`password`,`sex`) VALUES ('13029032390','aries','123',1)

[ 2017-03-30T16:40:32+08:00 ] 127.0.0.1 /www/23qi/index.php/User/add
INFO: [ route_check ] --START--
INFO: CheckRoute Behavior ::run [ RunTime:0.001724s ]
INFO: [ route_check ] --END-- [ RunTime:0.001940s ]
INFO: [ app_begin ] --START--
INFO: ReadHtmlCache Behavior ::run [ RunTime:0.001139s ]
INFO: [ app_begin ] --END-- [ RunTime:0.001305s ]
SQL: SHOW COLUMNS FROM `user` [ RunTime:0.028045s ]
SQL: INSERT INTO `user` (`phone`,`name`,`password`,`sex`) VALUES ('13029032390','aries','123',1) [ RunTime:0.006578s ]
ERR: 1062:Duplicate entry '0' for key 1
 [ SQL语句 ] : INSERT INTO `user` (`phone`,`name`,`password`,`sex`) VALUES ('13029032390','aries','123',1)

[ 2017-03-30T16:40:33+08:00 ] 127.0.0.1 /www/23qi/index.php/User/add
INFO: [ route_check ] --START--
INFO: CheckRoute Behavior ::run [ RunTime:0.002245s ]
INFO: [ route_check ] --END-- [ RunTime:0.002472s ]
INFO: [ app_begin ] --START--
INFO: ReadHtmlCache Behavior ::run [ RunTime:0.001143s ]
INFO: [ app_begin ] --END-- [ RunTime:0.001307s ]
SQL: SHOW COLUMNS FROM `user` [ RunTime:0.026044s ]
SQL: INSERT INTO `user` (`phone`,`name`,`password`,`sex`) VALUES ('13029032390','aries','123',1) [ RunTime:0.005264s ]
ERR: 1062:Duplicate entry '0' for key 1
 [ SQL语句 ] : INSERT INTO `user` (`phone`,`name`,`password`,`sex`) VALUES ('13029032390','aries','123',1)

[ 2017-03-30T16:40:34+08:00 ] 127.0.0.1 /www/23qi/index.php/User/add
INFO: [ route_check ] --START--
INFO: CheckRoute Behavior ::run [ RunTime:0.001618s ]
INFO: [ route_check ] --END-- [ RunTime:0.001789s ]
INFO: [ app_begin ] --START--
INFO: ReadHtmlCache Behavior ::run [ RunTime:0.001270s ]
INFO: [ app_begin ] --END-- [ RunTime:0.001427s ]
SQL: SHOW COLUMNS FROM `user` [ RunTime:0.027609s ]
SQL: INSERT INTO `user` (`phone`,`name`,`password`,`sex`) VALUES ('13029032390','aries','123',1) [ RunTime:0.005485s ]
ERR: 1062:Duplicate entry '0' for key 1
 [ SQL语句 ] : INSERT INTO `user` (`phone`,`name`,`password`,`sex`) VALUES ('13029032390','aries','123',1)

[ 2017-03-30T16:50:47+08:00 ] 127.0.0.1 /www/23qi/index.php/User/add
INFO: [ route_check ] --START--
INFO: CheckRoute Behavior ::run [ RunTime:0.004954s ]
INFO: [ route_check ] --END-- [ RunTime:0.005147s ]
INFO: [ app_begin ] --START--
INFO: ReadHtmlCache Behavior ::run [ RunTime:0.004303s ]
INFO: [ app_begin ] --END-- [ RunTime:0.004453s ]
SQL: SHOW COLUMNS FROM `user` [ RunTime:0.027414s ]
SQL: INSERT INTO `user` (`phone`,`sex`) VALUES ('13029032390',1) [ RunTime:0.006657s ]

[ 2017-03-30T16:50:49+08:00 ] 127.0.0.1 /www/23qi/index.php/User/add
INFO: [ route_check ] --START--
INFO: CheckRoute Behavior ::run [ RunTime:0.005019s ]
INFO: [ route_check ] --END-- [ RunTime:0.005209s ]
INFO: [ app_begin ] --START--
INFO: ReadHtmlCache Behavior ::run [ RunTime:0.004303s ]
INFO: [ app_begin ] --END-- [ RunTime:0.004449s ]
SQL: SHOW COLUMNS FROM `user` [ RunTime:0.027701s ]
SQL: INSERT INTO `user` (`phone`,`sex`) VALUES ('13029032390',1) [ RunTime:0.005792s ]

[ 2017-03-30T16:50:50+08:00 ] 127.0.0.1 /www/23qi/index.php/User/add
INFO: [ route_check ] --START--
INFO: CheckRoute Behavior ::run [ RunTime:0.005164s ]
INFO: [ route_check ] --END-- [ RunTime:0.005402s ]
INFO: [ app_begin ] --START--
INFO: ReadHtmlCache Behavior ::run [ RunTime:0.004274s ]
INFO: [ app_begin ] --END-- [ RunTime:0.004422s ]
SQL: SHOW COLUMNS FROM `user` [ RunTime:0.026587s ]
SQL: INSERT INTO `user` (`phone`,`sex`) VALUES ('13029032390',1) [ RunTime:0.006602s ]

[ 2017-03-30T16:50:51+08:00 ] 127.0.0.1 /www/23qi/index.php/User/add
INFO: [ route_check ] --START--
INFO: CheckRoute Behavior ::run [ RunTime:0.004811s ]
INFO: [ route_check ] --END-- [ RunTime:0.004984s ]
INFO: [ app_begin ] --START--
INFO: ReadHtmlCache Behavior ::run [ RunTime:0.004443s ]
INFO: [ app_begin ] --END-- [ RunTime:0.004632s ]
SQL: SHOW COLUMNS FROM `user` [ RunTime:0.027603s ]
SQL: INSERT INTO `user` (`phone`,`sex`) VALUES ('13029032390',1) [ RunTime:0.006512s ]

[ 2017-03-30T16:50:51+08:00 ] 127.0.0.1 /www/23qi/index.php/User/add
INFO: [ route_check ] --START--
INFO: CheckRoute Behavior ::run [ RunTime:0.005816s ]
INFO: [ route_check ] --END-- [ RunTime:0.006011s ]
INFO: [ app_begin ] --START--
INFO: ReadHtmlCache Behavior ::run [ RunTime:0.004377s ]
INFO: [ app_begin ] --END-- [ RunTime:0.004541s ]
SQL: SHOW COLUMNS FROM `user` [ RunTime:0.025927s ]
SQL: INSERT INTO `user` (`phone`,`sex`) VALUES ('13029032390',1) [ RunTime:0.005552s ]

[ 2017-03-30T16:50:52+08:00 ] 127.0.0.1 /www/23qi/index.php/User/add
INFO: [ route_check ] --START--
INFO: CheckRoute Behavior ::run [ RunTime:0.004896s ]
INFO: [ route_check ] --END-- [ RunTime:0.005071s ]
INFO: [ app_begin ] --START--
INFO: ReadHtmlCache Behavior ::run [ RunTime:0.005183s ]
INFO: [ app_begin ] --END-- [ RunTime:0.005376s ]
SQL: SHOW COLUMNS FROM `user` [ RunTime:0.026120s ]
SQL: INSERT INTO `user` (`phone`,`sex`) VALUES ('13029032390',1) [ RunTime:0.005702s ]

[ 2017-03-30T16:50:53+08:00 ] 127.0.0.1 /www/23qi/index.php/User/add
INFO: [ route_check ] --START--
INFO: CheckRoute Behavior ::run [ RunTime:0.006770s ]
INFO: [ route_check ] --END-- [ RunTime:0.007159s ]
INFO: [ app_begin ] --START--
INFO: ReadHtmlCache Behavior ::run [ RunTime:0.004619s ]
INFO: [ app_begin ] --END-- [ RunTime:0.004785s ]
SQL: SHOW COLUMNS FROM `user` [ RunTime:0.026335s ]
SQL: INSERT INTO `user` (`phone`,`sex`) VALUES ('13029032390',1) [ RunTime:0.005879s ]

[ 2017-03-30T16:51:46+08:00 ] 127.0.0.1 /www/23qi/index.php/User/add
INFO: [ route_check ] --START--
INFO: CheckRoute Behavior ::run [ RunTime:0.004954s ]
INFO: [ route_check ] --END-- [ RunTime:0.005143s ]
INFO: [ app_begin ] --START--
INFO: ReadHtmlCache Behavior ::run [ RunTime:0.004591s ]
INFO: [ app_begin ] --END-- [ RunTime:0.004809s ]
SQL: SHOW COLUMNS FROM `user` [ RunTime:0.023619s ]
SQL: INSERT INTO `user` (`phone`,`sex`) VALUES ('13029032390',1) [ RunTime:0.005334s ]

[ 2017-03-30T16:54:09+08:00 ] 127.0.0.1 /www/23qi/index.php/User/add
INFO: [ route_check ] --START--
INFO: CheckRoute Behavior ::run [ RunTime:0.005312s ]
INFO: [ route_check ] --END-- [ RunTime:0.005501s ]
INFO: [ app_begin ] --START--
INFO: ReadHtmlCache Behavior ::run [ RunTime:0.005684s ]
INFO: [ app_begin ] --END-- [ RunTime:0.005895s ]
SQL: SHOW COLUMNS FROM `user` [ RunTime:0.025939s ]
SQL: INSERT INTO `user` (`phone`,`name`,`sex`) VALUES ('13029032390','aries',1) [ RunTime:0.005677s ]

[ 2017-03-30T16:54:46+08:00 ] 127.0.0.1 /www/23qi/index.php/User/add
INFO: [ route_check ] --START--
INFO: CheckRoute Behavior ::run [ RunTime:0.004995s ]
INFO: [ route_check ] --END-- [ RunTime:0.005346s ]
INFO: [ app_begin ] --START--
INFO: ReadHtmlCache Behavior ::run [ RunTime:0.004386s ]
INFO: [ app_begin ] --END-- [ RunTime:0.004658s ]
SQL: SHOW COLUMNS FROM `user` [ RunTime:0.021510s ]
SQL: INSERT INTO `user` (`phone`,`name`,`sex`) VALUES ('13029032390','aries',1) [ RunTime:0.006522s ]

[ 2017-03-30T16:54:47+08:00 ] 127.0.0.1 /www/23qi/index.php/User/add
INFO: [ route_check ] --START--
INFO: CheckRoute Behavior ::run [ RunTime:0.003038s ]
INFO: [ route_check ] --END-- [ RunTime:0.003333s ]
INFO: [ app_begin ] --START--
INFO: ReadHtmlCache Behavior ::run [ RunTime:0.001208s ]
INFO: [ app_begin ] --END-- [ RunTime:0.001362s ]
SQL: SHOW COLUMNS FROM `user` [ RunTime:0.023636s ]
SQL: INSERT INTO `user` (`phone`,`name`,`sex`) VALUES ('13029032390','aries',1) [ RunTime:0.006352s ]

[ 2017-03-30T16:54:47+08:00 ] 127.0.0.1 /www/23qi/index.php/User/add
INFO: [ route_check ] --START--
INFO: CheckRoute Behavior ::run [ RunTime:0.002334s ]
INFO: [ route_check ] --END-- [ RunTime:0.002566s ]
INFO: [ app_begin ] --START--
INFO: ReadHtmlCache Behavior ::run [ RunTime:0.001241s ]
INFO: [ app_begin ] --END-- [ RunTime:0.001411s ]
SQL: SHOW COLUMNS FROM `user` [ RunTime:0.024731s ]
SQL: INSERT INTO `user` (`phone`,`name`,`sex`) VALUES ('13029032390','aries',1) [ RunTime:0.008908s ]

[ 2017-03-30T16:54:47+08:00 ] 127.0.0.1 /www/23qi/index.php/User/add
INFO: [ route_check ] --START--
INFO: CheckRoute Behavior ::run [ RunTime:0.001946s ]
INFO: [ route_check ] --END-- [ RunTime:0.002136s ]
INFO: [ app_begin ] --START--
INFO: ReadHtmlCache Behavior ::run [ RunTime:0.001869s ]
INFO: [ app_begin ] --END-- [ RunTime:0.002151s ]
SQL: SHOW COLUMNS FROM `user` [ RunTime:0.022821s ]
SQL: INSERT INTO `user` (`phone`,`name`,`sex`) VALUES ('13029032390','aries',1) [ RunTime:0.006033s ]

[ 2017-03-30T16:55:49+08:00 ] 127.0.0.1 /www/23qi/index.php/User/add
INFO: [ route_check ] --START--
INFO: CheckRoute Behavior ::run [ RunTime:0.001742s ]
INFO: [ route_check ] --END-- [ RunTime:0.001939s ]
INFO: [ app_begin ] --START--
INFO: ReadHtmlCache Behavior ::run [ RunTime:0.001269s ]
INFO: [ app_begin ] --END-- [ RunTime:0.001445s ]
SQL: SHOW COLUMNS FROM `user` [ RunTime:0.029340s ]
SQL: INSERT INTO `user` (`phone`,`name`,`sex`) VALUES ('13029032390','aries',1) [ RunTime:0.005761s ]

[ 2017-03-30T16:56:10+08:00 ] 127.0.0.1 /www/23qi/index.php/User/add
INFO: [ route_check ] --START--
INFO: CheckRoute Behavior ::run [ RunTime:0.002468s ]
INFO: [ route_check ] --END-- [ RunTime:0.002749s ]
INFO: [ app_begin ] --START--
INFO: ReadHtmlCache Behavior ::run [ RunTime:0.001723s ]
INFO: [ app_begin ] --END-- [ RunTime:0.001995s ]
SQL: SHOW COLUMNS FROM `user` [ RunTime:0.021395s ]
SQL: INSERT INTO `user` (`phone`,`name`,`sex`) VALUES ('13029032390','aries',1) [ RunTime:0.006800s ]

[ 2017-03-30T16:58:27+08:00 ] 127.0.0.1 /www/23qi/index.php/User/add
INFO: [ route_check ] --START--
INFO: CheckRoute Behavior ::run [ RunTime:0.003313s ]
INFO: [ route_check ] --END-- [ RunTime:0.003493s ]
INFO: [ app_begin ] --START--
INFO: ReadHtmlCache Behavior ::run [ RunTime:0.002754s ]
INFO: [ app_begin ] --END-- [ RunTime:0.002898s ]
SQL: SHOW COLUMNS FROM `user` [ RunTime:0.029936s ]
SQL: INSERT INTO `user` (`phone`,`name`,`sex`) VALUES ('13029032390','aries',1) [ RunTime:0.005842s ]

[ 2017-03-30T17:00:27+08:00 ] 127.0.0.1 /www/23qi/index.php/User/add
INFO: [ route_check ] --START--
INFO: CheckRoute Behavior ::run [ RunTime:0.001697s ]
INFO: [ route_check ] --END-- [ RunTime:0.001871s ]
INFO: [ app_begin ] --START--
INFO: ReadHtmlCache Behavior ::run [ RunTime:0.001125s ]
INFO: [ app_begin ] --END-- [ RunTime:0.001260s ]
SQL: SHOW COLUMNS FROM `user` [ RunTime:0.026639s ]
SQL: INSERT INTO `user` (`phone`,`name`,`sex`) VALUES ('13029032390','aries',1) [ RunTime:0.005442s ]

[ 2017-03-30T17:01:18+08:00 ] 127.0.0.1 /www/23qi/index.php/User/update
INFO: [ route_check ] --START--
INFO: CheckRoute Behavior ::run [ RunTime:0.005154s ]
INFO: [ route_check ] --END-- [ RunTime:0.005357s ]
INFO: [ app_begin ] --START--
INFO: ReadHtmlCache Behavior ::run [ RunTime:0.003393s ]
INFO: [ app_begin ] --END-- [ RunTime:0.003601s ]
SQL: SHOW COLUMNS FROM `user` [ RunTime:0.018191s ]
SQL: UPDATE `user` SET `name`='tom',`phone`='1234454657' WHERE ( `id`='9' ) [ RunTime:0.009860s ]

[ 2017-03-30T17:14:44+08:00 ] 127.0.0.1 /www/23qi/index.php/User/delate
INFO: [ route_check ] --START--
INFO: CheckRoute Behavior ::run [ RunTime:0.004924s ]
INFO: [ route_check ] --END-- [ RunTime:0.005247s ]
INFO: [ app_begin ] --START--
INFO: ReadHtmlCache Behavior ::run [ RunTime:0.004691s ]
INFO: [ app_begin ] --END-- [ RunTime:0.004927s ]

[ 2017-03-30T17:15:59+08:00 ] 127.0.0.1 /www/23qi/index.php/User/delate
INFO: [ route_check ] --START--
INFO: CheckRoute Behavior ::run [ RunTime:0.003777s ]
INFO: [ route_check ] --END-- [ RunTime:0.003984s ]
INFO: [ app_begin ] --START--
INFO: ReadHtmlCache Behavior ::run [ RunTime:0.002752s ]
INFO: [ app_begin ] --END-- [ RunTime:0.002908s ]

[ 2017-03-30T17:16:20+08:00 ] 127.0.0.1 /www/23qi/index.php/User/delate
INFO: [ route_check ] --START--
INFO: CheckRoute Behavior ::run [ RunTime:0.008708s ]
INFO: [ route_check ] --END-- [ RunTime:0.008942s ]
INFO: [ app_begin ] --START--
INFO: ReadHtmlCache Behavior ::run [ RunTime:0.005726s ]
INFO: [ app_begin ] --END-- [ RunTime:0.005891s ]

[ 2017-03-30T17:16:22+08:00 ] 127.0.0.1 /www/23qi/index.php/User/delate
INFO: [ route_check ] --START--
INFO: CheckRoute Behavior ::run [ RunTime:0.005993s ]
INFO: [ route_check ] --END-- [ RunTime:0.006184s ]
INFO: [ app_begin ] --START--
INFO: ReadHtmlCache Behavior ::run [ RunTime:0.004274s ]
INFO: [ app_begin ] --END-- [ RunTime:0.004426s ]

[ 2017-03-30T20:35:07+08:00 ] 127.0.0.1 /www/23qi/index.php/User/delete
INFO: [ route_check ] --START--
INFO: CheckRoute Behavior ::run [ RunTime:0.008459s ]
INFO: [ route_check ] --END-- [ RunTime:0.009232s ]
INFO: [ app_begin ] --START--
INFO: ReadHtmlCache Behavior ::run [ RunTime:0.009189s ]
INFO: [ app_begin ] --END-- [ RunTime:0.009474s ]

[ 2017-03-30T20:35:09+08:00 ] 127.0.0.1 /www/23qi/index.php/User/delete
INFO: [ route_check ] --START--
INFO: CheckRoute Behavior ::run [ RunTime:0.006375s ]
INFO: [ route_check ] --END-- [ RunTime:0.006588s ]
INFO: [ app_begin ] --START--
INFO: ReadHtmlCache Behavior ::run [ RunTime:0.004364s ]
INFO: [ app_begin ] --END-- [ RunTime:0.004543s ]

[ 2017-03-30T20:36:45+08:00 ] 127.0.0.1 /www/23qi/index.php/User/delete
INFO: [ route_check ] --START--
INFO: CheckRoute Behavior ::run [ RunTime:0.005132s ]
INFO: [ route_check ] --END-- [ RunTime:0.005381s ]
INFO: [ app_begin ] --START--
INFO: ReadHtmlCache Behavior ::run [ RunTime:0.006326s ]
INFO: [ app_begin ] --END-- [ RunTime:0.006534s ]
SQL: SHOW COLUMNS FROM `user` [ RunTime:0.037681s ]
SQL: DELETE FROM `user` WHERE ( `id`='2' ) [ RunTime:0.010828s ]

[ 2017-03-30T20:41:04+08:00 ] 127.0.0.1 /www/23qi/index.php/User/select
INFO: [ route_check ] --START--
INFO: CheckRoute Behavior ::run [ RunTime:0.004848s ]
INFO: [ route_check ] --END-- [ RunTime:0.005041s ]
INFO: [ app_begin ] --START--
INFO: ReadHtmlCache Behavior ::run [ RunTime:0.004316s ]
INFO: [ app_begin ] --END-- [ RunTime:0.004475s ]
SQL: SHOW COLUMNS FROM `user` [ RunTime:0.027932s ]
SQL: SELECT * FROM `user` LIMIT 1   [ RunTime:0.005535s ]

[ 2017-03-30T20:43:55+08:00 ] 127.0.0.1 /www/23qi/index.php/User/select
INFO: [ route_check ] --START--
INFO: CheckRoute Behavior ::run [ RunTime:0.004295s ]
INFO: [ route_check ] --END-- [ RunTime:0.004559s ]
INFO: [ app_begin ] --START--
INFO: ReadHtmlCache Behavior ::run [ RunTime:0.004609s ]
INFO: [ app_begin ] --END-- [ RunTime:0.004905s ]
SQL: SHOW COLUMNS FROM `user` [ RunTime:0.027071s ]
SQL: SELECT * FROM `user` WHERE ( `id`='6' ) LIMIT 1   [ RunTime:0.005369s ]

[ 2017-03-30T20:45:30+08:00 ] 127.0.0.1 /www/23qi/index.php/User/select
INFO: [ route_check ] --START--
INFO: CheckRoute Behavior ::run [ RunTime:0.001647s ]
INFO: [ route_check ] --END-- [ RunTime:0.001820s ]
INFO: [ app_begin ] --START--
INFO: ReadHtmlCache Behavior ::run [ RunTime:0.001116s ]
INFO: [ app_begin ] --END-- [ RunTime:0.001251s ]
SQL: SHOW COLUMNS FROM `user` [ RunTime:0.020903s ]
SQL: SELECT * FROM `user` WHERE ( `id`='6' ) LIMIT 1   [ RunTime:0.005804s ]

[ 2017-03-30T20:51:21+08:00 ] 127.0.0.1 /www/23qi/index.php/User/select
INFO: [ route_check ] --START--
INFO: CheckRoute Behavior ::run [ RunTime:0.003365s ]
INFO: [ route_check ] --END-- [ RunTime:0.003554s ]
INFO: [ app_begin ] --START--
INFO: ReadHtmlCache Behavior ::run [ RunTime:0.002825s ]
INFO: [ app_begin ] --END-- [ RunTime:0.002996s ]
SQL: SHOW COLUMNS FROM `user` [ RunTime:0.028003s ]
SQL: SELECT * FROM `user` WHERE ( `id`='6' ) LIMIT 1   [ RunTime:0.007075s ]

[ 2017-03-30T20:51:23+08:00 ] 127.0.0.1 /www/23qi/index.php/User/select
INFO: [ route_check ] --START--
INFO: CheckRoute Behavior ::run [ RunTime:0.001651s ]
INFO: [ route_check ] --END-- [ RunTime:0.001821s ]
INFO: [ app_begin ] --START--
INFO: ReadHtmlCache Behavior ::run [ RunTime:0.001175s ]
INFO: [ app_begin ] --END-- [ RunTime:0.001337s ]
SQL: SHOW COLUMNS FROM `user` [ RunTime:0.027627s ]
SQL: SELECT * FROM `user` WHERE ( `id`='6' ) LIMIT 1   [ RunTime:0.005125s ]

[ 2017-03-30T20:51:24+08:00 ] 127.0.0.1 /www/23qi/index.php/User/select
INFO: [ route_check ] --START--
INFO: CheckRoute Behavior ::run [ RunTime:0.001671s ]
INFO: [ route_check ] --END-- [ RunTime:0.001848s ]
INFO: [ app_begin ] --START--
INFO: ReadHtmlCache Behavior ::run [ RunTime:0.001119s ]
INFO: [ app_begin ] --END-- [ RunTime:0.001253s ]
SQL: SHOW COLUMNS FROM `user` [ RunTime:0.026646s ]
SQL: SELECT * FROM `user` WHERE ( `id`='6' ) LIMIT 1   [ RunTime:0.005386s ]

[ 2017-03-30T20:52:14+08:00 ] 127.0.0.1 /www/23qi/index.php/User/select
INFO: [ route_check ] --START--
INFO: CheckRoute Behavior ::run [ RunTime:0.001721s ]
INFO: [ route_check ] --END-- [ RunTime:0.001902s ]
INFO: [ app_begin ] --START--
INFO: ReadHtmlCache Behavior ::run [ RunTime:0.001117s ]
INFO: [ app_begin ] --END-- [ RunTime:0.001251s ]
SQL: SHOW COLUMNS FROM `user` [ RunTime:0.027423s ]
SQL: SELECT * FROM `user` WHERE ( `id`='6' ) LIMIT 1   [ RunTime:0.005669s ]
SQL: SELECT * FROM `user`  [ RunTime:0.001203s ]

[ 2017-03-30T20:54:05+08:00 ] 127.0.0.1 /www/23qi/index.php/User/select
INFO: [ route_check ] --START--
INFO: CheckRoute Behavior ::run [ RunTime:0.005203s ]
INFO: [ route_check ] --END-- [ RunTime:0.005516s ]
INFO: [ app_begin ] --START--
INFO: ReadHtmlCache Behavior ::run [ RunTime:0.004331s ]
INFO: [ app_begin ] --END-- [ RunTime:0.004638s ]
SQL: SHOW COLUMNS FROM `user` [ RunTime:0.031743s ]
SQL: SELECT * FROM `user` WHERE ( `id`='6' ) LIMIT 1   [ RunTime:0.007652s ]
SQL: SELECT * FROM `user` WHERE ( `name`='aries' )  [ RunTime:0.001141s ]

[ 2017-03-30T20:55:59+08:00 ] 127.0.0.1 /www/23qi/index.php/User/select
INFO: [ route_check ] --START--
INFO: CheckRoute Behavior ::run [ RunTime:0.001647s ]
INFO: [ route_check ] --END-- [ RunTime:0.001824s ]
INFO: [ app_begin ] --START--
INFO: ReadHtmlCache Behavior ::run [ RunTime:0.001115s ]
INFO: [ app_begin ] --END-- [ RunTime:0.001251s ]
SQL: SHOW COLUMNS FROM `user` [ RunTime:0.018667s ]
SQL: SELECT * FROM `user` WHERE ( `id`='6' ) LIMIT 1   [ RunTime:0.005300s ]
SQL: SELECT * FROM `user` WHERE ( `name`='aries' ) ORDER BY id desc  [ RunTime:0.001878s ]

[ 2017-03-30T21:00:33+08:00 ] 127.0.0.1 /www/23qi/index.php/User/select
INFO: [ route_check ] --START--
INFO: CheckRoute Behavior ::run [ RunTime:0.003364s ]
INFO: [ route_check ] --END-- [ RunTime:0.003558s ]
INFO: [ app_begin ] --START--
INFO: ReadHtmlCache Behavior ::run [ RunTime:0.002768s ]
INFO: [ app_begin ] --END-- [ RunTime:0.002930s ]
SQL: SHOW COLUMNS FROM `user` [ RunTime:0.028138s ]
SQL: SELECT * FROM `user` WHERE ( `id`='6' ) LIMIT 1   [ RunTime:0.004644s ]
SQL: SELECT * FROM `user` LIMIT 2   [ RunTime:0.000621s ]

[ 2017-03-30T21:06:59+08:00 ] 127.0.0.1 /www/23qi/index.php/User/select
INFO: [ route_check ] --START--
INFO: CheckRoute Behavior ::run [ RunTime:0.003265s ]
INFO: [ route_check ] --END-- [ RunTime:0.003449s ]
INFO: [ app_begin ] --START--
INFO: ReadHtmlCache Behavior ::run [ RunTime:0.002848s ]
INFO: [ app_begin ] --END-- [ RunTime:0.003019s ]

[ 2017-03-30T21:07:44+08:00 ] 127.0.0.1 /www/23qi/index.php/User/select
INFO: [ route_check ] --START--
INFO: CheckRoute Behavior ::run [ RunTime:0.003100s ]
INFO: [ route_check ] --END-- [ RunTime:0.003332s ]
INFO: [ app_begin ] --START--
INFO: ReadHtmlCache Behavior ::run [ RunTime:0.001465s ]
INFO: [ app_begin ] --END-- [ RunTime:0.001631s ]

[ 2017-03-30T21:08:28+08:00 ] 127.0.0.1 /www/23qi/index.php/User/select
INFO: [ route_check ] --START--
INFO: CheckRoute Behavior ::run [ RunTime:0.001655s ]
INFO: [ route_check ] --END-- [ RunTime:0.001830s ]
INFO: [ app_begin ] --START--
INFO: ReadHtmlCache Behavior ::run [ RunTime:0.001111s ]
INFO: [ app_begin ] --END-- [ RunTime:0.001263s ]

[ 2017-03-30T21:08:29+08:00 ] 127.0.0.1 /www/23qi/index.php/User/select
INFO: [ route_check ] --START--
INFO: CheckRoute Behavior ::run [ RunTime:0.001638s ]
INFO: [ route_check ] --END-- [ RunTime:0.001809s ]
INFO: [ app_begin ] --START--
INFO: ReadHtmlCache Behavior ::run [ RunTime:0.001114s ]
INFO: [ app_begin ] --END-- [ RunTime:0.001246s ]

[ 2017-03-30T21:08:30+08:00 ] 127.0.0.1 /www/23qi/index.php/User/select
INFO: [ route_check ] --START--
INFO: CheckRoute Behavior ::run [ RunTime:0.002061s ]
INFO: [ route_check ] --END-- [ RunTime:0.002264s ]
INFO: [ app_begin ] --START--
INFO: ReadHtmlCache Behavior ::run [ RunTime:0.001175s ]
INFO: [ app_begin ] --END-- [ RunTime:0.001315s ]

[ 2017-03-30T21:09:15+08:00 ] 127.0.0.1 /www/23qi/index.php/User/select
INFO: [ route_check ] --START--
INFO: CheckRoute Behavior ::run [ RunTime:0.003243s ]
INFO: [ route_check ] --END-- [ RunTime:0.003423s ]
INFO: [ app_begin ] --START--
INFO: ReadHtmlCache Behavior ::run [ RunTime:0.003068s ]
INFO: [ app_begin ] --END-- [ RunTime:0.003255s ]
SQL: SHOW COLUMNS FROM `user` [ RunTime:0.031695s ]
SQL: SELECT * FROM `user` WHERE ( `id`='6' ) LIMIT 1   [ RunTime:0.005070s ]
SQL: SELECT * FROM `user` LIMIT 2,3   [ RunTime:0.001612s ]

[ 2017-03-30T21:09:24+08:00 ] 127.0.0.1 /www/23qi/index.php/User/select
INFO: [ route_check ] --START--
INFO: CheckRoute Behavior ::run [ RunTime:0.002513s ]
INFO: [ route_check ] --END-- [ RunTime:0.002763s ]
INFO: [ app_begin ] --START--
INFO: ReadHtmlCache Behavior ::run [ RunTime:0.001631s ]
INFO: [ app_begin ] --END-- [ RunTime:0.001844s ]
SQL: SHOW COLUMNS FROM `user` [ RunTime:0.027127s ]
SQL: SELECT * FROM `user` WHERE ( `id`='6' ) LIMIT 1   [ RunTime:0.005855s ]
SQL: SELECT * FROM `user` LIMIT 2,3   [ RunTime:0.000907s ]

