[ 2017-04-11T21:04:17+08:00 ] 219.229.128.93 /www/23qi/index.php/App/login?phone_data=13003920034&password_data=1234&t=0.3068926415871829&package_name_data=HBuilder
INFO: [ route_check ] --START--
INFO: CheckRoute Behavior ::run [ RunTime:0.005979s ]
INFO: [ route_check ] --END-- [ RunTime:0.007221s ]
INFO: [ app_begin ] --START--
INFO: ReadHtmlCache Behavior ::run [ RunTime:0.006763s ]
INFO: [ app_begin ] --END-- [ RunTime:0.007045s ]
SQL: SHOW COLUMNS FROM `user` [ RunTime:0.049263s ]
SQL: SELECT * FROM `user` WHERE ( `phone`->'13003920034' ) LIMIT 1   [ RunTime:0.014608s ]
ERR: 1064:You have an error in your SQL syntax; check the manual that corresponds to your MySQL server version for the right syntax to use near '>'13003920034' ) LIMIT 1' at line 1
 [ SQL语句 ] : SELECT * FROM `user` WHERE ( `phone`->'13003920034' ) LIMIT 1  

[ 2017-04-11T21:07:06+08:00 ] 219.229.128.93 /www/23qi/index.php/App/login?phone_data=13002930021&password_data=1234&t=0.8940805550664663&package_name_data=HBuilder
INFO: [ route_check ] --START--
INFO: CheckRoute Behavior ::run [ RunTime:0.005424s ]
INFO: [ route_check ] --END-- [ RunTime:0.005728s ]
INFO: [ app_begin ] --START--
INFO: ReadHtmlCache Behavior ::run [ RunTime:0.007111s ]
INFO: [ app_begin ] --END-- [ RunTime:0.007406s ]
SQL: SHOW COLUMNS FROM `user` [ RunTime:0.035660s ]
SQL: SELECT * FROM `user` WHERE ( `phone`->'13002930021' ) LIMIT 1   [ RunTime:0.009775s ]
ERR: 1064:You have an error in your SQL syntax; check the manual that corresponds to your MySQL server version for the right syntax to use near '>'13002930021' ) LIMIT 1' at line 1
 [ SQL语句 ] : SELECT * FROM `user` WHERE ( `phone`->'13002930021' ) LIMIT 1  

