[ 2017-06-30T16:29:07+08:00 ] 219.229.128.74 /www/23qi/index.php/App/get_topic?t=0.4820711934007704&package_name_data=undefined
INFO: [ route_check ] --START--
INFO: CheckRoute Behavior ::run [ RunTime:0.006313s ]
INFO: [ route_check ] --END-- [ RunTime:0.006907s ]
INFO: [ app_begin ] --START--
INFO: ReadHtmlCache Behavior ::run [ RunTime:0.005129s ]
INFO: [ app_begin ] --END-- [ RunTime:0.005319s ]
SQL: SHOW COLUMNS FROM `topic` [ RunTime:0.089391s ]
SQL: SELECT * FROM `topic` ORDER BY id desc  [ RunTime:0.010323s ]
SQL: SHOW COLUMNS FROM `user` [ RunTime:0.037391s ]
SQL: SELECT * FROM `user` WHERE ( `phone`='12345678908' ) LIMIT 1   [ RunTime:0.010040s ]
SQL: SELECT * FROM `user` WHERE ( `phone`='12345678908' ) LIMIT 1   [ RunTime:0.001249s ]
SQL: SELECT * FROM `user` WHERE ( `phone`='12345678908' ) LIMIT 1   [ RunTime:0.000954s ]
SQL: SELECT * FROM `user` WHERE ( `phone`='12345678908' ) LIMIT 1   [ RunTime:0.001792s ]
SQL: SELECT * FROM `user` WHERE ( `phone`='12345678908' ) LIMIT 1   [ RunTime:0.001533s ]
SQL: SELECT * FROM `user` WHERE ( `phone`='null' ) LIMIT 1   [ RunTime:0.001308s ]

[ 2017-06-30T16:29:49+08:00 ] 219.229.128.74 /www/23qi/index.php/App/get_topic?t=0.2556396515574306&package_name_data=undefined
INFO: [ route_check ] --START--
INFO: CheckRoute Behavior ::run [ RunTime:0.004320s ]
INFO: [ route_check ] --END-- [ RunTime:0.004598s ]
INFO: [ app_begin ] --START--
INFO: ReadHtmlCache Behavior ::run [ RunTime:0.002325s ]
INFO: [ app_begin ] --END-- [ RunTime:0.002579s ]
SQL: SHOW COLUMNS FROM `topic` [ RunTime:0.028095s ]
SQL: SELECT * FROM `topic` ORDER BY id desc  [ RunTime:0.006469s ]
SQL: SHOW COLUMNS FROM `user` [ RunTime:0.025091s ]
SQL: SELECT * FROM `user` WHERE ( `phone`='12345678908' ) LIMIT 1   [ RunTime:0.006622s ]
SQL: SELECT * FROM `user` WHERE ( `phone`='12345678908' ) LIMIT 1   [ RunTime:0.000741s ]
SQL: SELECT * FROM `user` WHERE ( `phone`='12345678908' ) LIMIT 1   [ RunTime:0.000723s ]
SQL: SELECT * FROM `user` WHERE ( `phone`='12345678908' ) LIMIT 1   [ RunTime:0.000797s ]
SQL: SELECT * FROM `user` WHERE ( `phone`='12345678908' ) LIMIT 1   [ RunTime:0.000709s ]
SQL: SELECT * FROM `user` WHERE ( `phone`='null' ) LIMIT 1   [ RunTime:0.000746s ]

[ 2017-06-30T16:30:37+08:00 ] 219.229.128.74 /www/23qi/index.php/App/get_topic?t=0.6823240818921477&package_name_data=undefined
INFO: [ route_check ] --START--
INFO: CheckRoute Behavior ::run [ RunTime:0.002747s ]
INFO: [ route_check ] --END-- [ RunTime:0.003009s ]
INFO: [ app_begin ] --START--
INFO: ReadHtmlCache Behavior ::run [ RunTime:0.002269s ]
INFO: [ app_begin ] --END-- [ RunTime:0.002505s ]
SQL: SHOW COLUMNS FROM `topic` [ RunTime:0.034693s ]
SQL: SELECT * FROM `topic` ORDER BY id desc  [ RunTime:0.009310s ]
SQL: SHOW COLUMNS FROM `user` [ RunTime:0.036129s ]
SQL: SELECT * FROM `user` WHERE ( `phone`='12345678908' ) LIMIT 1   [ RunTime:0.007130s ]
SQL: SELECT * FROM `user` WHERE ( `phone`='12345678908' ) LIMIT 1   [ RunTime:0.001252s ]
SQL: SELECT * FROM `user` WHERE ( `phone`='12345678908' ) LIMIT 1   [ RunTime:0.001079s ]
SQL: SELECT * FROM `user` WHERE ( `phone`='12345678908' ) LIMIT 1   [ RunTime:0.001175s ]
SQL: SELECT * FROM `user` WHERE ( `phone`='12345678908' ) LIMIT 1   [ RunTime:0.001055s ]
SQL: SELECT * FROM `user` WHERE ( `phone`='null' ) LIMIT 1   [ RunTime:0.001014s ]

